<?xml version="1.0" encoding="UTF-8"?>
<!-- Generated by org.testng.reporters.JUnitXMLReporter -->
<testsuite hostname="DESKTOP-BPNON4T" ignored="0" name="Default test" tests="3" failures="0" timestamp="09 Jul 2020 18:33:38 GMT" time="26.734" errors="0">
  <testcase name="loginTest" time="0.635" classname="com.guru.test.LoginPageTest"/>
  <testcase name="validateGuru99LogoTest" time="0.114" classname="com.guru.test.LoginPageTest"/>
  <testcase name="verifyLoginPageTitleTest" time="0.012" classname="com.guru.test.LoginPageTest"/>
</testsuite> <!-- Default test -->
