<?xml version="1.0" encoding="UTF-8"?>
<testng-results skipped="0" failed="0" ignored="0" total="3" passed="3">
  <reporter-output>
  </reporter-output>
  <suite name="Default suite" duration-ms="26734" started-at="2020-07-09T18:33:11Z" finished-at="2020-07-09T18:33:38Z">
    <groups>
    </groups>
    <test name="Default test" duration-ms="26734" started-at="2020-07-09T18:33:11Z" finished-at="2020-07-09T18:33:38Z">
      <class name="com.guru.test.LoginPageTest">
        <test-method status="PASS" signature="setup()[pri:0, instance:com.guru.test.LoginPageTest@646d64ab]" name="setup" is-config="true" duration-ms="8353" started-at="2020-07-09T18:33:11Z" finished-at="2020-07-09T18:33:19Z">
          <reporter-output>
          </reporter-output>
        </test-method> <!-- setup -->
        <test-method status="PASS" signature="loginTest()[pri:0, instance:com.guru.test.LoginPageTest@646d64ab]" name="loginTest" duration-ms="635" started-at="2020-07-09T18:33:19Z" finished-at="2020-07-09T18:33:20Z">
          <reporter-output>
          </reporter-output>
        </test-method> <!-- loginTest -->
        <test-method status="PASS" signature="teardow()[pri:0, instance:com.guru.test.LoginPageTest@646d64ab]" name="teardow" is-config="true" duration-ms="726" started-at="2020-07-09T18:33:20Z" finished-at="2020-07-09T18:33:21Z">
          <reporter-output>
          </reporter-output>
        </test-method> <!-- teardow -->
        <test-method status="PASS" signature="setup()[pri:0, instance:com.guru.test.LoginPageTest@646d64ab]" name="setup" is-config="true" duration-ms="7611" started-at="2020-07-09T18:33:21Z" finished-at="2020-07-09T18:33:28Z">
          <reporter-output>
          </reporter-output>
        </test-method> <!-- setup -->
        <test-method status="PASS" signature="validateGuru99LogoTest()[pri:0, instance:com.guru.test.LoginPageTest@646d64ab]" name="validateGuru99LogoTest" duration-ms="114" started-at="2020-07-09T18:33:28Z" finished-at="2020-07-09T18:33:28Z">
          <reporter-output>
          </reporter-output>
        </test-method> <!-- validateGuru99LogoTest -->
        <test-method status="PASS" signature="teardow()[pri:0, instance:com.guru.test.LoginPageTest@646d64ab]" name="teardow" is-config="true" duration-ms="722" started-at="2020-07-09T18:33:28Z" finished-at="2020-07-09T18:33:29Z">
          <reporter-output>
          </reporter-output>
        </test-method> <!-- teardow -->
        <test-method status="PASS" signature="setup()[pri:0, instance:com.guru.test.LoginPageTest@646d64ab]" name="setup" is-config="true" duration-ms="7820" started-at="2020-07-09T18:33:29Z" finished-at="2020-07-09T18:33:37Z">
          <reporter-output>
          </reporter-output>
        </test-method> <!-- setup -->
        <test-method status="PASS" signature="verifyLoginPageTitleTest()[pri:0, instance:com.guru.test.LoginPageTest@646d64ab]" name="verifyLoginPageTitleTest" duration-ms="12" started-at="2020-07-09T18:33:37Z" finished-at="2020-07-09T18:33:37Z">
          <reporter-output>
          </reporter-output>
        </test-method> <!-- verifyLoginPageTitleTest -->
        <test-method status="PASS" signature="teardow()[pri:0, instance:com.guru.test.LoginPageTest@646d64ab]" name="teardow" is-config="true" duration-ms="690" started-at="2020-07-09T18:33:37Z" finished-at="2020-07-09T18:33:38Z">
          <reporter-output>
          </reporter-output>
        </test-method> <!-- teardow -->
      </class> <!-- com.guru.test.LoginPageTest -->
    </test> <!-- Default test -->
  </suite> <!-- Default suite -->
</testng-results>
